
<!DOCTYPE html>
<html>


<head>
	<meta charset='UTF-8' /> 
	<meta name='description' content='' />
	<meta name='robots' content='noodp, noydir' />
	<meta name='viewport' content='width=device-width, initial-scale=1' />
	<meta id="timeStampFormat" name="timeStampFormat" content='MMM d, yyyy hh:mm:ss a'/>
	
	<link href='https://fonts.googleapis.com/css?family=Source+Sans+Pro:400,600' rel='stylesheet' type='text/css'>
	<link href="https://fonts.googleapis.com/icon?family=Material+Icons" rel="stylesheet">

		<link href='https://cdn.rawgit.com/anshooarora/extentreports-java/b4a58fcfd1e137bd9287244035a7c80d3d73b3af/dist/css/extent.css' type='text/css' rel='stylesheet' />
	
	<title>NopCommerce - Cucumber Framework</title>

	<style type='text/css'>
			
            

      
        
	</style>
</head>

	<body class='extent standard default hide-overflow bdd-report'>
		<div id='theme-selector' alt='Click to toggle theme. To enable by default, use theme configuration.' title='Click to toggle theme. To enable by default, use theme configuration.'>
			<span><i class='material-icons'>desktop_windows</i></span>
		</div>

<nav>
	<div class="nav-wrapper">
		<a href="#!" class="brand-logo blue darken-3">Extent</a>

		<!-- slideout menu -->
		<ul id='slide-out' class='side-nav fixed hide-on-med-and-down'>
			<li class='waves-effect active'><a href='#!' view='test-view' onclick="configureView(0);chartsView('test');"><i class='material-icons'>dashboard</i></a></li>
						<li class='waves-effect'><a href='#!' view='category-view' onclick="configureView(1)"><i class='material-icons'>label_outline</i></a></li>
				<li class='waves-effect'><a href='#!' view='author-view' onclick="configureView(3)"><i class='material-icons'>person</i></a></li>
			<li class='waves-effect'><a href='#!' view='exception-view' onclick="configureView(2)"><i class='material-icons'>bug_report</i></a></li>
			<li class='waves-effect'><a href='#!' onclick="configureView(-1);chartsView('dashboard');" view='dashboard-view'><i class='material-icons'>track_changes</i></i></a></li>
		</ul>

		<!-- report name -->
		<span class='report-name'>NopCommerce - Cucumber Report</span>
		
		<!-- report headline -->
		<span class='report-headline'></span>

		<!-- nav-right -->
		<ul id='nav-mobile' class='right hide-on-med-and-down nav-right'>
			<li>
                <a href='#!'>
                    <span class='label suite-start-time blue darken-3'>Apr 29, 2020 11:28:13 PM</span>
				</a>
			</li>
			<li>
                <a href='#!'>
                    <span class='label blue darken-3'>3.1.2</span>
				</a>
			</li>
		</ul>
	</div>
</nav>

		<!-- container -->
		<div class='container'>

<div id='test-view' class='view'>
				
	<section id='controls'>
		<div class='controls grey lighten-4'>
			<!-- test toggle -->
			<div class='chip transparent'>
				<a class='dropdown-button tests-toggle' data-activates='tests-toggle' data-constrainwidth='true' data-beloworigin='true' data-hover='true' href='#'>
					<i class='material-icons'>warning</i> Status
				</a>
				<ul id='tests-toggle' class='dropdown-content'>
											<li status='pass'><a href='#!'>Pass <i class='material-icons green-text'>check_circle</i></a></li>
						<li status='fail'><a href='#!'>Fail <i class='material-icons red-text'>cancel</i></a></li>
						<li status='skip'><a href='#!'>Skip <i class='material-icons cyan-text'>redo</i></a></li>
					<li class='divider'></li>
					<li status='clear' clear='true'><a href='#!'>Clear Filters <i class='material-icons'>clear</i></a></li>
				</ul>
			</div>
			<!-- test toggle -->

			<!-- category toggle -->
			<div class='chip transparent'>
				<a class='dropdown-button category-toggle' data-activates='category-toggle' data-constrainwidth='false' data-beloworigin='true' data-hover='true' href='#'>
					<i class='material-icons'>local_offer</i> Category
				</a>
				<ul id='category-toggle' class='dropdown-content'>
					<li><a href='#'>@Books</a></li>
					<li><a href='#'>@Sanity</a></li>
					<li><a href='#'>@Login</a></li>
					<li><a href='#'>@Register</a></li>
					<li class='divider'></li>
					<li class='clear'><a href='#!' clear='true'>Clear Filters</a></li>
				</ul>
			</div>
			<!-- category toggle -->

			<!-- clear filters -->
			<div class='chip transparent hide'>
				<a class='' id='clear-filters' alt='Clear Filters' title='Clear Filters'>
					<i class='material-icons'>close</i> Clear
				</a>
			</div>
			<!-- clear filters -->

			<!-- enable dashboard -->
			<div id='toggle-test-view-charts' class='chip transparent'>
				<a class='pink-text' id='enable-dashboard' alt='Enable Dashboard' title='Enable Dashboard'>
					<i class='material-icons'>track_changes</i> Dashboard
				</a>
			</div>
			<!-- enable dashboard -->

			<!-- search -->
			<div class='chip transparent' alt='Search Tests' title='Search Tests'>
				<a href="#" class='search-div'>
					<i class='material-icons'>search</i> Search
				</a>

				<div class='input-field left hide'>
					<input id='search-tests' type='text' class='validate browser-default' placeholder='Search Tests...'>
				</div>
				
			</div>
			<!-- search -->
		</div>
	</section>


<div id='test-view-charts' class='subview-full'>
	<div id='charts-row' class='row nm-v nm-h'>
		<div class='col s12 m4 l4 np-h'>
			<div class='card-panel nm-v'>
				<div class='left panel-name'>Features</div>
				<div class='chart-box'>
					<canvas id='parent-analysis' width='100' height='80'></canvas>
				</div>
				<div class='block text-small'>
					<span class='tooltipped' data-position='top' data-tooltip='50%'><span class='strong'>2</span> feature(s) passed</span>
				</div>
				<div class='block text-small'>
					<span class='strong tooltipped' data-position='top' data-tooltip='50%'>2</span> feature(s) failed, <span class='strong tooltipped' data-position='top' data-tooltip='0%'>0</span> others
				</div>
			</div>
		</div>
		
		<div class='col s12 m4 l4 np-h'>
			<div class='card-panel nm-v'>
				<div class='left panel-name'>Scenarios</div>
				<div class='chart-box'>
					<canvas id='child-analysis' width='100' height='80'></canvas>
				</div>
				<div class='block text-small'>
					<span class='tooltipped' data-position='top' data-tooltip='44.444%'><span class='strong'>4</span> scenario(s) passed</span>
				</div>
				<div class='block text-small'>
					<span class='strong tooltipped' data-position='top' data-tooltip='55.556%'>5</span> scenario(s) failed, <span class='strong tooltipped' data-position='top' data-tooltip='0%'>0</span> others
				</div>
			</div>
		</div>
		
		<div class='col s12 m4 l4 np-h'>
			<div class='card-panel nm-v'>
				<div class='left panel-name'>Steps</div>
				<div class='chart-box'>
					<canvas id='grandchild-analysis' width='100' height='80'></canvas>
				</div>
				<div class='block text-small'>
					<span class='tooltipped' data-position='top' data-tooltip='83.333%'><span class='strong'>35</span> step(s) passed</span>
				</div>
				<div class='block text-small'>
					<span class='strong tooltipped' data-position='top' data-tooltip='11.905%'>5</span> step(s) failed, <span class='strong tooltipped' data-position='top' data-tooltip='4.762%'>2</span> others
				</div>
			</div>
		</div>
	</div>
</div>

	<div class='subview-left left'>
		
		<div class='view-summary'>
			<h5>Features</h5>
			<ul id='test-collection' class='test-collection'>
				
				
				<li class='test displayed active has-leaf pass' status='pass' bdd='true' test-id='1'>
					<div class='test-heading'>
						<span class='test-name'>Books functionality</span>
						<span class='test-time'>Apr 29, 2020 11:28:13 PM</span>
						<span class='test-status right pass'>pass</span>
					</div>
					<div class='test-content hide'>
<div class='scenario node' test-id='2' status='pass'>
	<div class='category-list'>
		<span class='category label white-text'>@Sanity</span>
	</div>
	<span class='duration right label'>0h 0m 14s+188ms</span>
	<div class='desc'>
		<b>Scenario</b>
		<span class="desc-text">User should navigate to registration page successfully</span>
	</div>
	<ul class='steps'>
		<li test-id='3' class='node given pass' status='pass'>
			
			<b>Given</b>
			
			<span class="bdd-step-name">Given I am on Home Page</span>
				<div class='pre'>passed</div>
			
		</li>
		<li test-id='4' class='node when pass' status='pass'>
			
			<b>When</b>
			
			<span class="bdd-step-name">When I click on register link</span>
				<div class='pre'>Clicking on register link[[ChromeDriver: chrome on WINDOWS (610d06420b3953ab5038c1b62615df97)] -> xpath: //a[@class='ico-register']]</div>
				<div class='pre'>passed</div>
			
		</li>
		<li test-id='5' class='node then pass' status='pass'>
			
			<b>Then</b>
			
			<span class="bdd-step-name">Then I should navigate to register page successfully</span>
				<div class='pre'>passed</div>
			
		</li>
	</ul>
</div>
					</div>
				</li>
				
				
				<li class='test displayed active has-leaf fail' status='fail' bdd='true' test-id='6'>
					<div class='test-heading'>
						<span class='test-name'>Computers functionality</span>
						<span class='test-time'>Apr 29, 2020 11:28:28 PM</span>
						<span class='test-status right fail'>fail</span>
					</div>
					<div class='test-content hide'>
<div class='scenario node' test-id='7' status='pass'>
	<span class='duration right label'>0h 0m 12s+537ms</span>
	<div class='desc'>
		<b>Scenario</b>
		<span class="desc-text">User should navigate to computers page successfully</span>
	</div>
	<ul class='steps'>
		<li test-id='8' class='node given pass' status='pass'>
			
			<b>Given</b>
			
			<span class="bdd-step-name">Given I am on Home Page</span>
				<div class='pre'>passed</div>
			
		</li>
		<li test-id='9' class='node when pass' status='pass'>
			
			<b>When</b>
			
			<span class="bdd-step-name">When I click on computer tab</span>
				<div class='pre'>Mouse hovering on computer tab [[ChromeDriver: chrome on WINDOWS (c3ddbbfd96311ca7e2b96e7ad3dedb75)] -> xpath: //ul[@class='top-menu notmobile']//a[contains(text(),'Computers')]]</div>
				<div class='pre'>passed</div>
			
		</li>
		<li test-id='10' class='node then pass' status='pass'>
			
			<b>Then</b>
			
			<span class="bdd-step-name">Then I should navigate to computers page successfully</span>
				<div class='pre'>passed</div>
			
		</li>
	</ul>
</div>
<div class='scenario node' test-id='11' status='fail'>
	<span class='duration right label'>0h 0m 33s+949ms</span>
	<div class='desc'>
		<b>Scenario</b>
		<span class="desc-text">User should add product to the cart successfully</span>
	</div>
	<ul class='steps'>
		<li test-id='12' class='node given pass' status='pass'>
			
			<b>Given</b>
			
			<span class="bdd-step-name">Given I am on Home Page</span>
				<div class='pre'>passed</div>
			
		</li>
		<li test-id='13' class='node when pass' status='pass'>
			
			<b>When</b>
			
			<span class="bdd-step-name">When I click on computer tab</span>
				<div class='pre'>Mouse hovering on computer tab [[ChromeDriver: chrome on WINDOWS (5b2ff37537b714655afaba5a4bb42def)] -> xpath: //ul[@class='top-menu notmobile']//a[contains(text(),'Computers')]]</div>
				<div class='pre'>passed</div>
			
		</li>
		<li test-id='14' class='node and pass' status='pass'>
			
			<b>And</b>
			
			<span class="bdd-step-name">And I mouse hover on desktop and click</span>
				<div class='pre'>Mouse hovering on desktop and click[[ChromeDriver: chrome on WINDOWS (5b2ff37537b714655afaba5a4bb42def)] -> xpath: //ul[@class='top-menu notmobile']//a[contains(text(),'Computers')]]<br></div>
				<div class='pre'>passed</div>
			
		</li>
		<li test-id='15' class='node and fail' status='fail'>
			
			<b>And</b>
			
			<span class="bdd-step-name">And I click on build your own computer</span>
				<div class='pre'>clicking on build your own computerProxy element for: DefaultElementLocator 'By.xpath: //h2[@class='product-title']//a[contains(text(),'Build your own computer')]'<br></div>
				<div class='pre'><pre>org.openqa.selenium.NoSuchElementException: no such element: Unable to locate element: {"method":"xpath","selector":"//h2[@class='product-title']//a[contains(text(),'Build your own computer')]"}
  (Session info: chrome=81.0.4044.122)
For documentation on this error, please visit: https://www.seleniumhq.org/exceptions/no_such_element.html
Build info: version: '3.141.59', revision: 'e82be7d358', time: '2018-11-14T08:17:03'
System info: host: 'LAPTOP-1C73H3FG', ip: '192.168.0.46', os.name: 'Windows 10', os.arch: 'amd64', os.version: '10.0', java.version: '1.8.0_121'
Driver info: org.openqa.selenium.chrome.ChromeDriver
Capabilities {acceptInsecureCerts: false, browserName: chrome, browserVersion: 81.0.4044.122, chrome: {chromedriverVersion: 80.0.3987.106 (f68069574609..., userDataDir: C:\Users\nikit\AppData\Loca...}, goog:chromeOptions: {debuggerAddress: localhost:56272}, javascriptEnabled: true, networkConnectionEnabled: false, pageLoadStrategy: normal, platform: WINDOWS, platformName: WINDOWS, proxy: Proxy(), setWindowRect: true, strictFileInteractability: false, timeouts: {implicit: 0, pageLoad: 300000, script: 30000}, unhandledPromptBehavior: dismiss and notify}
Session ID: 5b2ff37537b714655afaba5a4bb42def
*** Element info: {Using=xpath, value=//h2[@class='product-title']//a[contains(text(),'Build your own computer')]}
	at sun.reflect.NativeConstructorAccessorImpl.newInstance0(Native Method)
	at sun.reflect.NativeConstructorAccessorImpl.newInstance(NativeConstructorAccessorImpl.java:62)
	at sun.reflect.DelegatingConstructorAccessorImpl.newInstance(DelegatingConstructorAccessorImpl.java:45)
	at java.lang.reflect.Constructor.newInstance(Constructor.java:423)
	at org.openqa.selenium.remote.http.W3CHttpResponseCodec.createException(W3CHttpResponseCodec.java:187)
	at org.openqa.selenium.remote.http.W3CHttpResponseCodec.decode(W3CHttpResponseCodec.java:122)
	at org.openqa.selenium.remote.http.W3CHttpResponseCodec.decode(W3CHttpResponseCodec.java:49)
	at org.openqa.selenium.remote.HttpCommandExecutor.execute(HttpCommandExecutor.java:158)
	at org.openqa.selenium.remote.service.DriverCommandExecutor.execute(DriverCommandExecutor.java:83)
	at org.openqa.selenium.remote.RemoteWebDriver.execute(RemoteWebDriver.java:552)
	at org.openqa.selenium.remote.RemoteWebDriver.findElement(RemoteWebDriver.java:323)
	at org.openqa.selenium.remote.RemoteWebDriver.findElementByXPath(RemoteWebDriver.java:428)
	at org.openqa.selenium.By$ByXPath.findElement(By.java:353)
	at org.openqa.selenium.remote.RemoteWebDriver.findElement(RemoteWebDriver.java:315)
	at org.openqa.selenium.support.pagefactory.DefaultElementLocator.findElement(DefaultElementLocator.java:69)
	at org.openqa.selenium.support.pagefactory.internal.LocatingElementHandler.invoke(LocatingElementHandler.java:38)
	at com.sun.proxy.$Proxy18.click(Unknown Source)
	at com.demo.nopcommerce.utility.Utility.clickOnElement(Utility.java:37)
	at com.demo.nopcommerce.pages.ComputersPage.clickOnBuildYourOwnComputer(ComputersPage.java:38)
	at com.demo.nopcommerce.cucumber.stepdef.ComputersStepdefs.iClickOnBuildYourOwnComputer(ComputersStepdefs.java:26)
	at ✽.And I click on build your own computer(src/test/java/com/demo/nopcommerce/resources/featurefile/computers.feature:13)
</pre></div>
			
		</li>
		<li test-id='16' class='node and skip' status='skip'>
			
			<b>And</b>
			
			<span class="bdd-step-name">And I click on hdd radio button</span>
				<div class='pre'>skipped</div>
			
		</li>
		<li test-id='17' class='node then skip' status='skip'>
			
			<b>Then</b>
			
			<span class="bdd-step-name">Then I click on add to cart button</span>
			<ul class='screenshots right'>
				<li><a data-featherlight="image" href="C:\Users\nikit\IdeaProjects\Pratixa\Nopcommerce-Page-Factory/src/main/java/com/demo/nopcommerce/screenshots/User_should_add_product_to_the_cart_successfully20200429112915.png"><i class='material-icons'>panorama</i></a></li>
			</ul>
				<div class='pre'>skipped</div>
			
		</li>
	</ul>
</div>
					</div>
				</li>
				
				
				<li class='test displayed active has-leaf fail' status='fail' bdd='true' test-id='18'>
					<div class='test-heading'>
						<span class='test-name'>Login feature</span>
						<span class='test-time'>Apr 29, 2020 11:29:16 PM</span>
						<span class='test-status right fail'>fail</span>
					</div>
					<div class='test-content hide'>
<div class='scenario node' test-id='19' status='pass'>
	<span class='duration right label'>0h 0m 12s+777ms</span>
	<div class='desc'>
		<b>Scenario</b>
		<span class="desc-text">User should navigate to login page successfully</span>
	</div>
	<ul class='steps'>
		<li test-id='20' class='node given pass' status='pass'>
			
			<b>Given</b>
			
			<span class="bdd-step-name">Given I am on Home Page</span>
				<div class='pre'>passed</div>
			
		</li>
		<li test-id='21' class='node when pass' status='pass'>
			
			<b>When</b>
			
			<span class="bdd-step-name">When I click on login link</span>
				<div class='pre'>Clicking on login link[[ChromeDriver: chrome on WINDOWS (59e413f5d95a503cf713265b9bb1e72f)] -> link text: Log in]</div>
				<div class='pre'>passed</div>
			
		</li>
		<li test-id='22' class='node then pass' status='pass'>
			
			<b>Then</b>
			
			<span class="bdd-step-name">Then I should navigate to login page successfully</span>
				<div class='pre'>Geting welcome text[[ChromeDriver: chrome on WINDOWS (59e413f5d95a503cf713265b9bb1e72f)] -> xpath: //div[@class='page-title']//h1]</div>
				<div class='pre'>passed</div>
			
		</li>
	</ul>
</div>
<div class='scenario node' test-id='23' status='fail'>
	<span class='duration right label'>0h 0m 24s+25ms</span>
	<div class='desc'>
		<b>Scenario</b>
		<span class="desc-text">User should login successfully with valid credentials</span>
	</div>
	<ul class='steps'>
		<li test-id='24' class='node given pass' status='pass'>
			
			<b>Given</b>
			
			<span class="bdd-step-name">Given I am on Home Page</span>
				<div class='pre'>passed</div>
			
		</li>
		<li test-id='25' class='node when pass' status='pass'>
			
			<b>When</b>
			
			<span class="bdd-step-name">When I click on login link</span>
				<div class='pre'>Clicking on login link[[ChromeDriver: chrome on WINDOWS (5397a83e140193634e58e765ca65c65b)] -> link text: Log in]</div>
				<div class='pre'>passed</div>
			
		</li>
		<li test-id='26' class='node and pass' status='pass'>
			
			<b>And</b>
			
			<span class="bdd-step-name">And I enter email "xyz13@gmail.com"</span>
				<div class='pre'>Entering emial xyz13@gmail.comin email id field [[ChromeDriver: chrome on WINDOWS (5397a83e140193634e58e765ca65c65b)] -> id: Email]</div>
				<div class='pre'>passed</div>
			
		</li>
		<li test-id='27' class='node and pass' status='pass'>
			
			<b>And</b>
			
			<span class="bdd-step-name">And I enter password "abc123"</span>
				<div class='pre'>Entering passwordabc123 in password field [[ChromeDriver: chrome on WINDOWS (5397a83e140193634e58e765ca65c65b)] -> id: Password]</div>
				<div class='pre'>passed</div>
			
		</li>
		<li test-id='28' class='node and pass' status='pass'>
			
			<b>And</b>
			
			<span class="bdd-step-name">And I click on login button</span>
				<div class='pre'>Clicking on login button[[ChromeDriver: chrome on WINDOWS (5397a83e140193634e58e765ca65c65b)] -> xpath: //input[@class='button-1 login-button']]</div>
				<div class='pre'>passed</div>
			
		</li>
		<li test-id='29' class='node then fail' status='fail'>
			
			<b>Then</b>
			
			<span class="bdd-step-name">Then I should login successfully</span>
			<ul class='screenshots right'>
				<li><a data-featherlight="image" href="C:\Users\nikit\IdeaProjects\Pratixa\Nopcommerce-Page-Factory/src/main/java/com/demo/nopcommerce/screenshots/User_should_login_successfully_with_valid_credentials20200429112954.png"><i class='material-icons'>panorama</i></a></li>
			</ul>
				<div class='pre'><pre>java.lang.AssertionError
	at org.junit.Assert.fail(Assert.java:86)
	at org.junit.Assert.assertTrue(Assert.java:41)
	at org.junit.Assert.assertTrue(Assert.java:52)
	at com.demo.nopcommerce.cucumber.stepdef.LoginStepdefs.iShouldLoginSuccessfully(LoginStepdefs.java:45)
	at ✽.Then I should login successfully(src/test/java/com/demo/nopcommerce/resources/featurefile/login.feature:16)
</pre></div>
			
		</li>
	</ul>
</div>
<div class='scenariooutline node' test-id='30' status='fail'>
	<span class='duration right label'>0h 0m 43s+626ms</span>
	<div class='desc'>
		<b>ScenarioOutline</b>
		<span class="desc-text">Verify the error message with invalid credentials</span>
	</div>
	<ul class='steps'>
		<li test-id='31' class='node scenario fail' status='fail'>
			<div class='category-list'>
				<span class='category label white-text'>@Login</span>
				<span class='category label white-text'>@Sanity</span>
			</div>
			
			<b>Scenario</b>
			
			<span class="bdd-step-name">Verify the error message with invalid credentials</span>
			
				<ul class='steps'>
					<li test-id='32' class='node given pass' status='pass'><b>Given</b>
						<span class="bdd-step-name">Given I am on Home Page</span>
							<div class='pre'>passed</div>
					</li>
					<li test-id='33' class='node when pass' status='pass'><b>When</b>
						<span class="bdd-step-name">When I click on login link</span>
							<div class='pre'>Clicking on login link[[ChromeDriver: chrome on WINDOWS (f9d2bd86f654d2ad6a9ee2e5c30ba60a)] -> link text: Log in]</div>
							<div class='pre'>passed</div>
					</li>
					<li test-id='34' class='node and pass' status='pass'><b>And</b>
						<span class="bdd-step-name">And I enter email "abc123@gmail.com"</span>
							<div class='pre'>Entering emial abc123@gmail.comin email id field [[ChromeDriver: chrome on WINDOWS (f9d2bd86f654d2ad6a9ee2e5c30ba60a)] -> id: Email]</div>
							<div class='pre'>passed</div>
					</li>
					<li test-id='35' class='node and pass' status='pass'><b>And</b>
						<span class="bdd-step-name">And I enter password "xyz123"</span>
							<div class='pre'>Entering passwordxyz123 in password field [[ChromeDriver: chrome on WINDOWS (f9d2bd86f654d2ad6a9ee2e5c30ba60a)] -> id: Password]</div>
							<div class='pre'>passed</div>
					</li>
					<li test-id='36' class='node and pass' status='pass'><b>And</b>
						<span class="bdd-step-name">And I click on login button</span>
							<div class='pre'>Clicking on login button[[ChromeDriver: chrome on WINDOWS (f9d2bd86f654d2ad6a9ee2e5c30ba60a)] -> xpath: //input[@class='button-1 login-button']]</div>
							<div class='pre'>passed</div>
					</li>
					<li test-id='37' class='node then fail' status='fail'><b>Then</b>
						<span class="bdd-step-name">Then I should see the error message "Login was unsuccessful. Please correct the errors and try again.The credentials provided are incorrect"</span>
						<ul class='screenshots right'>
							<li><a data-featherlight="image" href="C:\Users\nikit\IdeaProjects\Pratixa\Nopcommerce-Page-Factory/src/main/java/com/demo/nopcommerce/screenshots/Verify_the_error_message_with_invalid_credentials20200429113009.png"><i class='material-icons'>panorama</i></a></li>
						</ul>
							<div class='pre'>Getting login error message[[ChromeDriver: chrome on WINDOWS (f9d2bd86f654d2ad6a9ee2e5c30ba60a)] -> xpath: //div[@class='message-error validation-summary-errors']]</div>
							<div class='pre'><textarea>org.junit.ComparisonFailure: expected:<...rrors and try again.[
]The credentials prov...> but was:<...rrors and try again.[]The credentials prov...>
	at org.junit.Assert.assertEquals(Assert.java:115)
	at org.junit.Assert.assertEquals(Assert.java:144)
	at com.demo.nopcommerce.cucumber.stepdef.LoginStepdefs.iShouldSeeTheErrorMessage(LoginStepdefs.java:50)
	at ✽.Then I should see the error message "Login was unsuccessful. Please correct the errors and try again.The credentials provided are incorrect"(src/test/java/com/demo/nopcommerce/resources/featurefile/login.feature:24)
</textarea></div>
					</li>
				</ul>
		</li>
		<li test-id='38' class='node scenario fail' status='fail'>
			<div class='category-list'>
				<span class='category label white-text'>@Login</span>
				<span class='category label white-text'>@Sanity</span>
			</div>
			
			<b>Scenario</b>
			
			<span class="bdd-step-name">Verify the error message with invalid credentials</span>
			
				<ul class='steps'>
					<li test-id='39' class='node given pass' status='pass'><b>Given</b>
						<span class="bdd-step-name">Given I am on Home Page</span>
							<div class='pre'>passed</div>
					</li>
					<li test-id='40' class='node when pass' status='pass'><b>When</b>
						<span class="bdd-step-name">When I click on login link</span>
							<div class='pre'>Clicking on login link[[ChromeDriver: chrome on WINDOWS (7ab3dd9296f1e8d675458bb7c4cc89b3)] -> link text: Log in]</div>
							<div class='pre'>passed</div>
					</li>
					<li test-id='41' class='node and pass' status='pass'><b>And</b>
						<span class="bdd-step-name">And I enter email "dfgsd@gmail.com"</span>
							<div class='pre'>Entering emial dfgsd@gmail.comin email id field [[ChromeDriver: chrome on WINDOWS (7ab3dd9296f1e8d675458bb7c4cc89b3)] -> id: Email]</div>
							<div class='pre'>passed</div>
					</li>
					<li test-id='42' class='node and pass' status='pass'><b>And</b>
						<span class="bdd-step-name">And I enter password "djljl1234"</span>
							<div class='pre'>Entering passworddjljl1234 in password field [[ChromeDriver: chrome on WINDOWS (7ab3dd9296f1e8d675458bb7c4cc89b3)] -> id: Password]</div>
							<div class='pre'>passed</div>
					</li>
					<li test-id='43' class='node and pass' status='pass'><b>And</b>
						<span class="bdd-step-name">And I click on login button</span>
							<div class='pre'>Clicking on login button[[ChromeDriver: chrome on WINDOWS (7ab3dd9296f1e8d675458bb7c4cc89b3)] -> xpath: //input[@class='button-1 login-button']]</div>
							<div class='pre'>passed</div>
					</li>
					<li test-id='44' class='node then fail' status='fail'><b>Then</b>
						<span class="bdd-step-name">Then I should see the error message "Login was unsuccessful. Please correct the errors and try again.The credentials provided are incorrect"</span>
						<ul class='screenshots right'>
							<li><a data-featherlight="image" href="C:\Users\nikit\IdeaProjects\Pratixa\Nopcommerce-Page-Factory/src/main/java/com/demo/nopcommerce/screenshots/Verify_the_error_message_with_invalid_credentials20200429113024.png"><i class='material-icons'>panorama</i></a></li>
						</ul>
							<div class='pre'>Getting login error message[[ChromeDriver: chrome on WINDOWS (7ab3dd9296f1e8d675458bb7c4cc89b3)] -> xpath: //div[@class='message-error validation-summary-errors']]</div>
							<div class='pre'><textarea>org.junit.ComparisonFailure: expected:<...rrors and try again.[
No customer account found]> but was:<...rrors and try again.[The credentials provided are incorrect]>
	at org.junit.Assert.assertEquals(Assert.java:115)
	at org.junit.Assert.assertEquals(Assert.java:144)
	at com.demo.nopcommerce.cucumber.stepdef.LoginStepdefs.iShouldSeeTheErrorMessage(LoginStepdefs.java:50)
	at ✽.Then I should see the error message "Login was unsuccessful. Please correct the errors and try again.The credentials provided are incorrect"(src/test/java/com/demo/nopcommerce/resources/featurefile/login.feature:24)
</textarea></div>
					</li>
				</ul>
		</li>
		<li test-id='45' class='node scenario fail' status='fail'>
			<div class='category-list'>
				<span class='category label white-text'>@Login</span>
				<span class='category label white-text'>@Sanity</span>
			</div>
			
			<b>Scenario</b>
			
			<span class="bdd-step-name">Verify the error message with invalid credentials</span>
			
				<ul class='steps'>
					<li test-id='46' class='node given pass' status='pass'><b>Given</b>
						<span class="bdd-step-name">Given I am on Home Page</span>
							<div class='pre'>passed</div>
					</li>
					<li test-id='47' class='node when pass' status='pass'><b>When</b>
						<span class="bdd-step-name">When I click on login link</span>
							<div class='pre'>Clicking on login link[[ChromeDriver: chrome on WINDOWS (21fc49ad519604c1438e280ff0f17e92)] -> link text: Log in]</div>
							<div class='pre'>passed</div>
					</li>
					<li test-id='48' class='node and pass' status='pass'><b>And</b>
						<span class="bdd-step-name">And I enter email "ldjg@gmial.com"</span>
							<div class='pre'>Entering emial ldjg@gmial.comin email id field [[ChromeDriver: chrome on WINDOWS (21fc49ad519604c1438e280ff0f17e92)] -> id: Email]</div>
							<div class='pre'>passed</div>
					</li>
					<li test-id='49' class='node and pass' status='pass'><b>And</b>
						<span class="bdd-step-name">And I enter password "srougoe"</span>
							<div class='pre'>Entering passwordsrougoe in password field [[ChromeDriver: chrome on WINDOWS (21fc49ad519604c1438e280ff0f17e92)] -> id: Password]</div>
							<div class='pre'>passed</div>
					</li>
					<li test-id='50' class='node and pass' status='pass'><b>And</b>
						<span class="bdd-step-name">And I click on login button</span>
							<div class='pre'>Clicking on login button[[ChromeDriver: chrome on WINDOWS (21fc49ad519604c1438e280ff0f17e92)] -> xpath: //input[@class='button-1 login-button']]</div>
							<div class='pre'>passed</div>
					</li>
					<li test-id='51' class='node then fail' status='fail'><b>Then</b>
						<span class="bdd-step-name">Then I should see the error message "Login was unsuccessful. Please correct the errors and try again.The credentials provided are incorrect"</span>
						<ul class='screenshots right'>
							<li><a data-featherlight="image" href="C:\Users\nikit\IdeaProjects\Pratixa\Nopcommerce-Page-Factory/src/main/java/com/demo/nopcommerce/screenshots/Verify_the_error_message_with_invalid_credentials20200429113039.png"><i class='material-icons'>panorama</i></a></li>
						</ul>
							<div class='pre'>Getting login error message[[ChromeDriver: chrome on WINDOWS (21fc49ad519604c1438e280ff0f17e92)] -> xpath: //div[@class='message-error validation-summary-errors']]</div>
							<div class='pre'><textarea>org.junit.ComparisonFailure: expected:<...rrors and try again.[
No customer account found]> but was:<...rrors and try again.[The credentials provided are incorrect]>
	at org.junit.Assert.assertEquals(Assert.java:115)
	at org.junit.Assert.assertEquals(Assert.java:144)
	at com.demo.nopcommerce.cucumber.stepdef.LoginStepdefs.iShouldSeeTheErrorMessage(LoginStepdefs.java:50)
	at ✽.Then I should see the error message "Login was unsuccessful. Please correct the errors and try again.The credentials provided are incorrect"(src/test/java/com/demo/nopcommerce/resources/featurefile/login.feature:24)
</textarea></div>
					</li>
				</ul>
		</li>
	</ul>
</div>
					</div>
				</li>
				
				
				<li class='test displayed active has-leaf pass' status='pass' bdd='true' test-id='52'>
					<div class='test-heading'>
						<span class='test-name'>Registration functionality</span>
						<span class='test-time'>Apr 29, 2020 11:30:40 PM</span>
						<span class='test-status right pass'>pass</span>
					</div>
					<div class='test-content hide'>
<div class='scenario node' test-id='53' status='pass'>
	<div class='category-list'>
		<span class='category label white-text'>@Sanity</span>
	</div>
	<span class='duration right label'>0h 0m 12s+365ms</span>
	<div class='desc'>
		<b>Scenario</b>
		<span class="desc-text">User should navigate to registration page successfully</span>
	</div>
	<ul class='steps'>
		<li test-id='54' class='node given pass' status='pass'>
			
			<b>Given</b>
			
			<span class="bdd-step-name">Given I am on Home Page</span>
				<div class='pre'>passed</div>
			
		</li>
		<li test-id='55' class='node when pass' status='pass'>
			
			<b>When</b>
			
			<span class="bdd-step-name">When I click on register link</span>
				<div class='pre'>Clicking on register link[[ChromeDriver: chrome on WINDOWS (aca909021b7eac96d344853396ea2df2)] -> xpath: //a[@class='ico-register']]</div>
				<div class='pre'>passed</div>
			
		</li>
		<li test-id='56' class='node then pass' status='pass'>
			
			<b>Then</b>
			
			<span class="bdd-step-name">Then I should navigate to register page successfully</span>
				<div class='pre'>passed</div>
			
		</li>
	</ul>
</div>
					</div>
				</li>
			</ul>
		</div>
	</div>
	<!-- subview left -->

	<div class='subview-right left'>
		<div class='view-summary'>
			<h5 class='test-name'></h5>

			<div id='step-filters' class="right">
				<span class="blue-text" status="info" alt="info" title="info"><i class="material-icons">info_outline</i></span>
				<span class="green-text" status="pass" alt="pass" title="pass"><i class="material-icons">check_circle</i></span>
				<span class="red-text" status="fail" alt="fail" title="fail"><i class="material-icons">cancel</i></span>
				<span class="red-text text-darken-4" status="fatal" alt="fatal" title="fatal"><i class="material-icons">cancel</i></span>
				<span class="pink-text text-lighten-1" status="error" alt="error" title="error"><i class="material-icons">error</i></span>
				<span class="orange-text" alt="warning" status="warning" title="warning"><i class="material-icons">warning</i></span>
				<span class="teal-text" status="skip" alt="skip" title="skip"><i class="material-icons">redo</i></span>
				<span status="clear" alt="Clear filters" title="Clear filters"><i class="material-icons">clear</i></span>
			</div>
		</div>
	</div>
	<!-- subview right -->

</div>
<!-- test view -->
<div id='category-view' class='view hide'>

	<section id='controls'>
		<div class='controls grey lighten-4'>
			<!-- search -->
			<div class='chip transparent' alt='Search Tests' title='Search Tests'>
				<a href="#" class='search-div'>
					<i class='material-icons'>search</i> Search
				</a>
				
				<div class='input-field left hide'>
					<input id='search-tests' type='text' class='validate browser-default' placeholder='Search Tests...'>
				</div>
				
			</div>
			<!-- search -->
		</div>
	</section>

	<div class='subview-left left'>
		
		<div class='view-summary'>
			<h5>Categories</h3>
			<ul id='category-collection' class='category-collection'>
				
				<li class='category displayed active'>
					<div class='category-heading'>
						<span class='category-name'>@Books</span>
						<span class='category-status right'>
							<span class='label pass'>1</span>
						</span>
					</div>
					<div class='category-content hide'>
						<div class='category-status-counts'>
							<span class='label green accent-4 white-text'>Passed: 1</span>
							
							
						</div>
					
						<div class='category-tests'>
							<table class='bordered table-results'>
								<thead>
									<tr>
										<th>Timestamp</th>
										<th>TestName</th>
										<th>Status</th>
									</tr>
								</thead>
								<tbody>
									<tr>
										<td>Apr 29, 2020 11:28:13 PM</td>
										<td class='linked' test-id='1'>Books functionality</td>
										<td><span class='test-status pass'>pass</span></td>
									</tr>
								</tbody>
							</table>
						</div>
					</div>
				</li>
				<li class='category displayed active'>
					<div class='category-heading'>
						<span class='category-name'>@Sanity</span>
						<span class='category-status right'>
							<span class='label pass'>2</span>
							<span class='label fail'>3</span>
						</span>
					</div>
					<div class='category-content hide'>
						<div class='category-status-counts'>
							<span class='label green accent-4 white-text'>Passed: 2</span>
							<span class='label red lighten-1 white-text'>Failed: 3</span>
							
						</div>
					
						<div class='category-tests'>
							<table class='bordered table-results'>
								<thead>
									<tr>
										<th>Timestamp</th>
										<th>TestName</th>
										<th>Status</th>
									</tr>
								</thead>
								<tbody>
									<tr>
										<td>Apr 29, 2020 11:28:13 PM</td>
										<td class='linked' test-id='2'>Books functionality.User should navigate to registration page successfully</td>
										<td><span class='test-status pass'>pass</span></td>
									</tr>
									<tr>
										<td>Apr 29, 2020 11:29:55 PM</td>
										<td class='linked' test-id='31'>Login feature.Verify the error message with invalid credentials.Verify the error message with invalid credentials</td>
										<td><span class='test-status fail'>fail</span></td>
									</tr>
									<tr>
										<td>Apr 29, 2020 11:30:10 PM</td>
										<td class='linked' test-id='38'>Login feature.Verify the error message with invalid credentials.Verify the error message with invalid credentials</td>
										<td><span class='test-status fail'>fail</span></td>
									</tr>
									<tr>
										<td>Apr 29, 2020 11:30:25 PM</td>
										<td class='linked' test-id='45'>Login feature.Verify the error message with invalid credentials.Verify the error message with invalid credentials</td>
										<td><span class='test-status fail'>fail</span></td>
									</tr>
									<tr>
										<td>Apr 29, 2020 11:30:40 PM</td>
										<td class='linked' test-id='53'>Registration functionality.User should navigate to registration page successfully</td>
										<td><span class='test-status pass'>pass</span></td>
									</tr>
								</tbody>
							</table>
						</div>
					</div>
				</li>
				<li class='category displayed active'>
					<div class='category-heading'>
						<span class='category-name'>@Login</span>
						<span class='category-status right'>
							<span class='label fail'>4</span>
						</span>
					</div>
					<div class='category-content hide'>
						<div class='category-status-counts'>
							
							<span class='label red lighten-1 white-text'>Failed: 4</span>
							
						</div>
					
						<div class='category-tests'>
							<table class='bordered table-results'>
								<thead>
									<tr>
										<th>Timestamp</th>
										<th>TestName</th>
										<th>Status</th>
									</tr>
								</thead>
								<tbody>
									<tr>
										<td>Apr 29, 2020 11:29:16 PM</td>
										<td class='linked' test-id='18'>Login feature</td>
										<td><span class='test-status fail'>fail</span></td>
									</tr>
									<tr>
										<td>Apr 29, 2020 11:29:55 PM</td>
										<td class='linked' test-id='31'>Login feature.Verify the error message with invalid credentials.Verify the error message with invalid credentials</td>
										<td><span class='test-status fail'>fail</span></td>
									</tr>
									<tr>
										<td>Apr 29, 2020 11:30:10 PM</td>
										<td class='linked' test-id='38'>Login feature.Verify the error message with invalid credentials.Verify the error message with invalid credentials</td>
										<td><span class='test-status fail'>fail</span></td>
									</tr>
									<tr>
										<td>Apr 29, 2020 11:30:25 PM</td>
										<td class='linked' test-id='45'>Login feature.Verify the error message with invalid credentials.Verify the error message with invalid credentials</td>
										<td><span class='test-status fail'>fail</span></td>
									</tr>
								</tbody>
							</table>
						</div>
					</div>
				</li>
				<li class='category displayed active'>
					<div class='category-heading'>
						<span class='category-name'>@Register</span>
						<span class='category-status right'>
							<span class='label pass'>1</span>
						</span>
					</div>
					<div class='category-content hide'>
						<div class='category-status-counts'>
							<span class='label green accent-4 white-text'>Passed: 1</span>
							
							
						</div>
					
						<div class='category-tests'>
							<table class='bordered table-results'>
								<thead>
									<tr>
										<th>Timestamp</th>
										<th>TestName</th>
										<th>Status</th>
									</tr>
								</thead>
								<tbody>
									<tr>
										<td>Apr 29, 2020 11:30:40 PM</td>
										<td class='linked' test-id='52'>Registration functionality</td>
										<td><span class='test-status pass'>pass</span></td>
									</tr>
								</tbody>
							</table>
						</div>
					</div>
				</li>

			</ul>
		</div>
	</div>

	<div class='subview-right left'>
		<div class='view-summary'>
			<h5 class='category-name'></h5>
		</div>
	</div>
</div>
<!-- category view -->
<div id='author-view' class='view hide'>
    <section id='controls'>
        <div class='controls grey lighten-4'>
            <!-- search -->
            <div class='chip transparent' alt='Search Authors' title='Search Authors'>
                <a href="#" class='search-div'>
                    <i class='material-icons'>search</i> Search
                </a>

                <div class='input-field left hide'>
                    <input id='search-tests' type='text' class='validate browser-default' placeholder='Search Authors...'>
                </div>

            </div>
            <!-- search -->
        </div>
    </section>

    <div class='subview-left left'>

        <div class='view-summary'>
            <h5>Authors</h5>
                <ul id='author-collection' class='author-collection'>

                        <li class='author displayed active'>
                            <div class='author-heading'>
                                <span class='author-name'>PrimeTesting</span>
                                <span class='author-status right'>
                                        <span class='label pass'>4</span>
                                        <span class='label fail'>5</span>
						        </span>
                            </div>
                            <div class='author-content hide'>
                                <div class='author-status-counts'>
                                    <span class='label green accent-4 white-text'>Passed: 4</span>
                                    <span class='label red lighten-1 white-text'>Failed: 5</span>
                                    
                                </div>

                                <div class='author-tests'>
                                    <table class='bordered table-results'>
                                        <thead>
                                        <tr>
                                            <th>Timestamp</th>
                                            <th>TestName</th>
                                            <th>Status</th>
                                        </tr>
                                        </thead>
                                        <tbody>
                                            <tr>
                                                <td>Apr 29, 2020 11:28:13 PM</td>
                                                <td class='linked' test-id='2'>Books functionality.User should navigate to registration page successfully</td>
                                                <td><span class='test-status pass'>pass</span></td>
                                            </tr>
                                            <tr>
                                                <td>Apr 29, 2020 11:28:28 PM</td>
                                                <td class='linked' test-id='7'>Computers functionality.User should navigate to computers page successfully</td>
                                                <td><span class='test-status pass'>pass</span></td>
                                            </tr>
                                            <tr>
                                                <td>Apr 29, 2020 11:28:41 PM</td>
                                                <td class='linked' test-id='11'>Computers functionality.User should add product to the cart successfully</td>
                                                <td><span class='test-status fail'>fail</span></td>
                                            </tr>
                                            <tr>
                                                <td>Apr 29, 2020 11:29:16 PM</td>
                                                <td class='linked' test-id='19'>Login feature.User should navigate to login page successfully</td>
                                                <td><span class='test-status pass'>pass</span></td>
                                            </tr>
                                            <tr>
                                                <td>Apr 29, 2020 11:29:30 PM</td>
                                                <td class='linked' test-id='23'>Login feature.User should login successfully with valid credentials</td>
                                                <td><span class='test-status fail'>fail</span></td>
                                            </tr>
                                            <tr>
                                                <td>Apr 29, 2020 11:29:55 PM</td>
                                                <td class='linked' test-id='31'>Login feature.Verify the error message with invalid credentials.Verify the error message with invalid credentials</td>
                                                <td><span class='test-status fail'>fail</span></td>
                                            </tr>
                                            <tr>
                                                <td>Apr 29, 2020 11:30:10 PM</td>
                                                <td class='linked' test-id='38'>Login feature.Verify the error message with invalid credentials.Verify the error message with invalid credentials</td>
                                                <td><span class='test-status fail'>fail</span></td>
                                            </tr>
                                            <tr>
                                                <td>Apr 29, 2020 11:30:25 PM</td>
                                                <td class='linked' test-id='45'>Login feature.Verify the error message with invalid credentials.Verify the error message with invalid credentials</td>
                                                <td><span class='test-status fail'>fail</span></td>
                                            </tr>
                                            <tr>
                                                <td>Apr 29, 2020 11:30:40 PM</td>
                                                <td class='linked' test-id='53'>Registration functionality.User should navigate to registration page successfully</td>
                                                <td><span class='test-status pass'>pass</span></td>
                                            </tr>
                                        </tbody>
                                    </table>
                                </div>
                            </div>
                        </li>
                        <li class='author displayed active'>
                            <div class='author-heading'>
                                <span class='author-name'>NikitaPatel</span>
                                <span class='author-status right'>
                                        <span class='label pass'>4</span>
                                        <span class='label fail'>5</span>
						        </span>
                            </div>
                            <div class='author-content hide'>
                                <div class='author-status-counts'>
                                    <span class='label green accent-4 white-text'>Passed: 4</span>
                                    <span class='label red lighten-1 white-text'>Failed: 5</span>
                                    
                                </div>

                                <div class='author-tests'>
                                    <table class='bordered table-results'>
                                        <thead>
                                        <tr>
                                            <th>Timestamp</th>
                                            <th>TestName</th>
                                            <th>Status</th>
                                        </tr>
                                        </thead>
                                        <tbody>
                                            <tr>
                                                <td>Apr 29, 2020 11:28:13 PM</td>
                                                <td class='linked' test-id='2'>Books functionality.User should navigate to registration page successfully</td>
                                                <td><span class='test-status pass'>pass</span></td>
                                            </tr>
                                            <tr>
                                                <td>Apr 29, 2020 11:28:28 PM</td>
                                                <td class='linked' test-id='7'>Computers functionality.User should navigate to computers page successfully</td>
                                                <td><span class='test-status pass'>pass</span></td>
                                            </tr>
                                            <tr>
                                                <td>Apr 29, 2020 11:28:41 PM</td>
                                                <td class='linked' test-id='11'>Computers functionality.User should add product to the cart successfully</td>
                                                <td><span class='test-status fail'>fail</span></td>
                                            </tr>
                                            <tr>
                                                <td>Apr 29, 2020 11:29:16 PM</td>
                                                <td class='linked' test-id='19'>Login feature.User should navigate to login page successfully</td>
                                                <td><span class='test-status pass'>pass</span></td>
                                            </tr>
                                            <tr>
                                                <td>Apr 29, 2020 11:29:30 PM</td>
                                                <td class='linked' test-id='23'>Login feature.User should login successfully with valid credentials</td>
                                                <td><span class='test-status fail'>fail</span></td>
                                            </tr>
                                            <tr>
                                                <td>Apr 29, 2020 11:29:55 PM</td>
                                                <td class='linked' test-id='31'>Login feature.Verify the error message with invalid credentials.Verify the error message with invalid credentials</td>
                                                <td><span class='test-status fail'>fail</span></td>
                                            </tr>
                                            <tr>
                                                <td>Apr 29, 2020 11:30:10 PM</td>
                                                <td class='linked' test-id='38'>Login feature.Verify the error message with invalid credentials.Verify the error message with invalid credentials</td>
                                                <td><span class='test-status fail'>fail</span></td>
                                            </tr>
                                            <tr>
                                                <td>Apr 29, 2020 11:30:25 PM</td>
                                                <td class='linked' test-id='45'>Login feature.Verify the error message with invalid credentials.Verify the error message with invalid credentials</td>
                                                <td><span class='test-status fail'>fail</span></td>
                                            </tr>
                                            <tr>
                                                <td>Apr 29, 2020 11:30:40 PM</td>
                                                <td class='linked' test-id='53'>Registration functionality.User should navigate to registration page successfully</td>
                                                <td><span class='test-status pass'>pass</span></td>
                                            </tr>
                                        </tbody>
                                    </table>
                                </div>
                            </div>
                        </li>

                </ul>
        </div>
    </div>

    <div class='subview-right left'>
        <div class='view-summary'>
            <h5 class='author-name'></h5>
        </div>
    </div>
</div>
<div id='exception-view' class='view hide'>

    <section id='controls'>
        <div class='controls grey lighten-4'>
            <!-- search -->
            <div class='chip transparent' alt='Search Tests' title='Search Tests'>
                <a href="#" class='search-div'>
                    <i class='material-icons'>search</i> Search
                </a>

                <div class='input-field left hide'>
                    <input id='search-tests' type='text' class='validate browser-default' placeholder='Search Tests...'>
                </div>

            </div>
            <!-- search -->
        </div>
    </section>

    <div class='subview-left left'>

        <div class='view-summary'>
            <h5>Exceptions</h3>
                <ul id='exception-collection' class='exception-collection'>

                        <li class='exception displayed active'>
                            <div class='exception-heading'>
                                <span class='exception-name'>org.openqa.selenium.NoSuchElementException</span>
                                <span class='exception-count right'><span class='label red lighten-1 white-text'>1</span></span>
                            </div>
                            <div class='exception-content hide'>
                                <div class='exception-tests'>
                                    <table class='bordered table-results'>
                                        <thead>
                                        <tr>
                                            <th>Timestamp</th>
                                            <th>TestName</th>
                                            <th>Status</th>
                                        </tr>
                                        </thead>
                                        <tbody>
                                                    <tr>
                                                        <td>Apr 29, 2020 11:28:55 PM</td>
                                                        <td class='linked' test-id='15'>Computers functionality.User should add product to the cart successfully.And I click on build your own computer</td>
                                                        <td><pre><pre>org.openqa.selenium.NoSuchElementException: no such element: Unable to locate element: {"method":"xpath","selector":"//h2[@class='product-title']//a[contains(text(),'Build your own computer')]"}
  (Session info: chrome=81.0.4044.122)
For documentation on this error, please visit: https://www.seleniumhq.org/exceptions/no_such_element.html
Build info: version: '3.141.59', revision: 'e82be7d358', time: '2018-11-14T08:17:03'
System info: host: 'LAPTOP-1C73H3FG', ip: '192.168.0.46', os.name: 'Windows 10', os.arch: 'amd64', os.version: '10.0', java.version: '1.8.0_121'
Driver info: org.openqa.selenium.chrome.ChromeDriver
Capabilities {acceptInsecureCerts: false, browserName: chrome, browserVersion: 81.0.4044.122, chrome: {chromedriverVersion: 80.0.3987.106 (f68069574609..., userDataDir: C:\Users\nikit\AppData\Loca...}, goog:chromeOptions: {debuggerAddress: localhost:56272}, javascriptEnabled: true, networkConnectionEnabled: false, pageLoadStrategy: normal, platform: WINDOWS, platformName: WINDOWS, proxy: Proxy(), setWindowRect: true, strictFileInteractability: false, timeouts: {implicit: 0, pageLoad: 300000, script: 30000}, unhandledPromptBehavior: dismiss and notify}
Session ID: 5b2ff37537b714655afaba5a4bb42def
*** Element info: {Using=xpath, value=//h2[@class='product-title']//a[contains(text(),'Build your own computer')]}
	at sun.reflect.NativeConstructorAccessorImpl.newInstance0(Native Method)
	at sun.reflect.NativeConstructorAccessorImpl.newInstance(NativeConstructorAccessorImpl.java:62)
	at sun.reflect.DelegatingConstructorAccessorImpl.newInstance(DelegatingConstructorAccessorImpl.java:45)
	at java.lang.reflect.Constructor.newInstance(Constructor.java:423)
	at org.openqa.selenium.remote.http.W3CHttpResponseCodec.createException(W3CHttpResponseCodec.java:187)
	at org.openqa.selenium.remote.http.W3CHttpResponseCodec.decode(W3CHttpResponseCodec.java:122)
	at org.openqa.selenium.remote.http.W3CHttpResponseCodec.decode(W3CHttpResponseCodec.java:49)
	at org.openqa.selenium.remote.HttpCommandExecutor.execute(HttpCommandExecutor.java:158)
	at org.openqa.selenium.remote.service.DriverCommandExecutor.execute(DriverCommandExecutor.java:83)
	at org.openqa.selenium.remote.RemoteWebDriver.execute(RemoteWebDriver.java:552)
	at org.openqa.selenium.remote.RemoteWebDriver.findElement(RemoteWebDriver.java:323)
	at org.openqa.selenium.remote.RemoteWebDriver.findElementByXPath(RemoteWebDriver.java:428)
	at org.openqa.selenium.By$ByXPath.findElement(By.java:353)
	at org.openqa.selenium.remote.RemoteWebDriver.findElement(RemoteWebDriver.java:315)
	at org.openqa.selenium.support.pagefactory.DefaultElementLocator.findElement(DefaultElementLocator.java:69)
	at org.openqa.selenium.support.pagefactory.internal.LocatingElementHandler.invoke(LocatingElementHandler.java:38)
	at com.sun.proxy.$Proxy18.click(Unknown Source)
	at com.demo.nopcommerce.utility.Utility.clickOnElement(Utility.java:37)
	at com.demo.nopcommerce.pages.ComputersPage.clickOnBuildYourOwnComputer(ComputersPage.java:38)
	at com.demo.nopcommerce.cucumber.stepdef.ComputersStepdefs.iClickOnBuildYourOwnComputer(ComputersStepdefs.java:26)
	at ✽.And I click on build your own computer(src/test/java/com/demo/nopcommerce/resources/featurefile/computers.feature:13)
</pre></pre></td>
                                                    </tr>
                                        </tbody>
                                    </table>
                                </div>
                            </div>
                        </li>
                        <li class='exception displayed active'>
                            <div class='exception-heading'>
                                <span class='exception-name'>java.lang.AssertionError</span>
                                <span class='exception-count right'><span class='label red lighten-1 white-text'>1</span></span>
                            </div>
                            <div class='exception-content hide'>
                                <div class='exception-tests'>
                                    <table class='bordered table-results'>
                                        <thead>
                                        <tr>
                                            <th>Timestamp</th>
                                            <th>TestName</th>
                                            <th>Status</th>
                                        </tr>
                                        </thead>
                                        <tbody>
                                                    <tr>
                                                        <td>Apr 29, 2020 11:29:54 PM</td>
                                                        <td class='linked' test-id='29'>Login feature.User should login successfully with valid credentials.Then I should login successfully</td>
                                                        <td><pre><pre>java.lang.AssertionError
	at org.junit.Assert.fail(Assert.java:86)
	at org.junit.Assert.assertTrue(Assert.java:41)
	at org.junit.Assert.assertTrue(Assert.java:52)
	at com.demo.nopcommerce.cucumber.stepdef.LoginStepdefs.iShouldLoginSuccessfully(LoginStepdefs.java:45)
	at ✽.Then I should login successfully(src/test/java/com/demo/nopcommerce/resources/featurefile/login.feature:16)
</pre></pre></td>
                                                    </tr>
                                        </tbody>
                                    </table>
                                </div>
                            </div>
                        </li>
                        <li class='exception displayed active'>
                            <div class='exception-heading'>
                                <span class='exception-name'>org.junit.ComparisonFailure</span>
                                <span class='exception-count right'><span class='label red lighten-1 white-text'>3</span></span>
                            </div>
                            <div class='exception-content hide'>
                                <div class='exception-tests'>
                                    <table class='bordered table-results'>
                                        <thead>
                                        <tr>
                                            <th>Timestamp</th>
                                            <th>TestName</th>
                                            <th>Status</th>
                                        </tr>
                                        </thead>
                                        <tbody>
                                                    <tr>
                                                        <td>Apr 29, 2020 11:30:08 PM</td>
                                                        <td class='linked' test-id='37'>Login feature.Verify the error message with invalid credentials.Verify the error message with invalid credentials.Then I should see the error message "Login was unsuccessful. Please correct the errors and try again.The credentials provided are incorrect"</td>
                                                        <td><pre><textarea>org.junit.ComparisonFailure: expected:<...rrors and try again.[
]The credentials prov...> but was:<...rrors and try again.[]The credentials prov...>
	at org.junit.Assert.assertEquals(Assert.java:115)
	at org.junit.Assert.assertEquals(Assert.java:144)
	at com.demo.nopcommerce.cucumber.stepdef.LoginStepdefs.iShouldSeeTheErrorMessage(LoginStepdefs.java:50)
	at ✽.Then I should see the error message "Login was unsuccessful. Please correct the errors and try again.The credentials provided are incorrect"(src/test/java/com/demo/nopcommerce/resources/featurefile/login.feature:24)
</textarea></pre></td>
                                                    </tr>
                                                    <tr>
                                                        <td>Apr 29, 2020 11:30:24 PM</td>
                                                        <td class='linked' test-id='44'>Login feature.Verify the error message with invalid credentials.Verify the error message with invalid credentials.Then I should see the error message "Login was unsuccessful. Please correct the errors and try again.The credentials provided are incorrect"</td>
                                                        <td><pre><textarea>org.junit.ComparisonFailure: expected:<...rrors and try again.[
No customer account found]> but was:<...rrors and try again.[The credentials provided are incorrect]>
	at org.junit.Assert.assertEquals(Assert.java:115)
	at org.junit.Assert.assertEquals(Assert.java:144)
	at com.demo.nopcommerce.cucumber.stepdef.LoginStepdefs.iShouldSeeTheErrorMessage(LoginStepdefs.java:50)
	at ✽.Then I should see the error message "Login was unsuccessful. Please correct the errors and try again.The credentials provided are incorrect"(src/test/java/com/demo/nopcommerce/resources/featurefile/login.feature:24)
</textarea></pre></td>
                                                    </tr>
                                                    <tr>
                                                        <td>Apr 29, 2020 11:30:39 PM</td>
                                                        <td class='linked' test-id='51'>Login feature.Verify the error message with invalid credentials.Verify the error message with invalid credentials.Then I should see the error message "Login was unsuccessful. Please correct the errors and try again.The credentials provided are incorrect"</td>
                                                        <td><pre><textarea>org.junit.ComparisonFailure: expected:<...rrors and try again.[
No customer account found]> but was:<...rrors and try again.[The credentials provided are incorrect]>
	at org.junit.Assert.assertEquals(Assert.java:115)
	at org.junit.Assert.assertEquals(Assert.java:144)
	at com.demo.nopcommerce.cucumber.stepdef.LoginStepdefs.iShouldSeeTheErrorMessage(LoginStepdefs.java:50)
	at ✽.Then I should see the error message "Login was unsuccessful. Please correct the errors and try again.The credentials provided are incorrect"(src/test/java/com/demo/nopcommerce/resources/featurefile/login.feature:24)
</textarea></pre></td>
                                                    </tr>
                                        </tbody>
                                    </table>
                                </div>
                            </div>
                        </li>
                </ul>
        </div>
    </div>

    <div class='subview-right left'>
        <div class='view-summary'>
            <h5 class='exception-name'></h5>
        </div>
    </div>
</div>
<!-- exception view -->
<div id='dashboard-view' class='view hide'>
	<div class='card-panel transparent np-v'>
		<h5>Dashboard</h5>

		<div class='row'>
			<div class='col s2'>
				<div class='card-panel r'>
					Features
					<div class='panel-lead'>4</div>
				</div>
			</div>
			<div class='col s2'>
				<div class='card-panel r'>
					Scenarios
					<div class='panel-lead'>9</div>
				</div>
			</div>
			<div class='col s2'>
				<div class='card-panel r'>
					Steps
					<div class='panel-lead'>42</div>
				</div>
			</div>
			<div class='col s2'>
				<div class='card-panel r'>
					Start
					<div class='panel-lead'>Apr 29, 2020 11:28:13 PM</div>
				</div>
			</div>
			<div class='col s2'>
				<div class='card-panel r'>
			 		End
			 		<div class='panel-lead'>Apr 29, 2020 11:30:53 PM</div>
				</div>
			</div>
			<div class='col s2'>
				<div class='card-panel r'>
					Time Taken
					<div class='panel-lead'>159,918ms</div>
				</div>
			</div>
			<div class='col s4'>
				<div class='card-panel dashboard-environment'>
					<span class='right label cyan white-text'>Environment</span><p>&nbsp;</p>
					
					<table>
						<tr>
							<th>Name</th>
							<th>Value</th>
						</tr>
							<tr>
								<td>User Name</td>
								<td>nikit</td>
							</tr>
							<tr>
								<td>Time Zone</td>
								<td>Europe/London</td>
							</tr>
							<tr>
								<td>Machine</td>
								<td>Windows 1064 Bit</td>
							</tr>
							<tr>
								<td>Selenium</td>
								<td>3.141.59</td>
							</tr>
							<tr>
								<td>Maven</td>
								<td>3.5.2</td>
							</tr>
							<tr>
								<td>Java Version</td>
								<td>1.8.0_151</td>
							</tr>
					</table>
				</div>
			</div>
			<div class='col s6'>
				<div class='card-panel dashboard-categories'>
					<span class='right label cyan white-text'>Categories</span><p>&nbsp;</p>
					
					<table>
						<tr>
							<th>Name</th>
							<th>Passed</th>
							<th>Failed</th>
							<th>Others</th>
							<th>Passed %</th>
						</tr>
						<tr>
							<td>@Books</td>
							<td>1</td>
							<td>0</td>
							<td>0</td>
							<td>
									100%
							</td>
						</tr>
						<tr>
							<td>@Sanity</td>
							<td>2</td>
							<td>3</td>
							<td>0</td>
							<td>
									40%
							</td>
						</tr>
						<tr>
							<td>@Login</td>
							<td>0</td>
							<td>4</td>
							<td>0</td>
							<td>
									0%
							</td>
						</tr>
						<tr>
							<td>@Register</td>
							<td>1</td>
							<td>0</td>
							<td>0</td>
							<td>
									100%
							</td>
						</tr>
					</table>
				</div>
			</div>
		</div>
	</div>
</div>
<!-- dashboard view -->
<!-- testrunner-logs view -->
		</div>
		<!-- container -->

		<script>
			var statusGroup = {
				passParent: 2,
				failParent: 2,
				fatalParent: 0,
				errorParent: 0,
				warningParent: 0,
				skipParent: 0,
				exceptionsParent: 2,
				
				passChild: 4,
				failChild: 5,
				fatalChild: 0,
				errorChild: 0,
				warningChild: 0,
				skipChild: 0,
				infoChild: 0,
				exceptionsChild: 5,
				
				passGrandChild: 35,
				failGrandChild: 5,
				fatalGrandChild: 0,
				errorGrandChild: 0,
				warningGrandChild: 0,
				skipGrandChild: 2,
				infoGrandChild: 0,
				exceptionsGrandChild: 7,
			};
		</script>
		
			<script src='https://cdn.rawgit.com/anshooarora/extentreports-java/fca20fb7653aade98810546ab96a2a4360e3e712/dist/js/extent.js' type='text/javascript'></script>
		
		
 		<script type='text/javascript'>
 			
            
        $(document).ready(function() {

        });
      
        
 		</script>
	</body>
	
</html>
